[12-Jun-2024 20:34:28 UTC] PHP Warning:  PHP Startup: Unable to load dynamic library 'php_gd2.dll' (tried: /usr/local/lib/php/extensions/no-debug-non-zts-20200930/php_gd2.dll (/usr/local/lib/php/extensions/no-debug-non-zts-20200930/php_gd2.dll: cannot open shared object file: No such file or directory), /usr/local/lib/php/extensions/no-debug-non-zts-20200930/php_gd2.dll.so (/usr/local/lib/php/extensions/no-debug-non-zts-20200930/php_gd2.dll.so: cannot open shared object file: No such file or directory)) in Unknown on line 0
[12-Jun-2024 20:34:28 UTC] PHP Warning:  PHP Startup: Unable to load dynamic library 'curl' (tried: /usr/local/lib/php/extensions/no-debug-non-zts-20200930/curl (/usr/local/lib/php/extensions/no-debug-non-zts-20200930/curl: cannot open shared object file: No such file or directory), /usr/local/lib/php/extensions/no-debug-non-zts-20200930/curl.so (/usr/local/lib/php/extensions/no-debug-non-zts-20200930/curl.so: cannot open shared object file: No such file or directory)) in Unknown on line 0
[12-Jun-2024 20:34:28 UTC] PHP Warning:  Module "gd" is already loaded in Unknown on line 0
[12-Jun-2024 20:34:28 UTC] PHP Warning:  Module "gd" is already loaded in Unknown on line 0
[12-Jun-2024 20:34:28 UTC] PHP Warning:  PHP Startup: Unable to load dynamic library 'php_gd2.dll' (tried: /usr/local/lib/php/extensions/no-debug-non-zts-20200930/php_gd2.dll (/usr/local/lib/php/extensions/no-debug-non-zts-20200930/php_gd2.dll: cannot open shared object file: No such file or directory), /usr/local/lib/php/extensions/no-debug-non-zts-20200930/php_gd2.dll.so (/usr/local/lib/php/extensions/no-debug-non-zts-20200930/php_gd2.dll.so: cannot open shared object file: No such file or directory)) in Unknown on line 0
[12-Jun-2024 20:34:28 UTC] PHP Warning:  PHP Startup: Unable to load dynamic library 'curl' (tried: /usr/local/lib/php/extensions/no-debug-non-zts-20200930/curl (/usr/local/lib/php/extensions/no-debug-non-zts-20200930/curl: cannot open shared object file: No such file or directory), /usr/local/lib/php/extensions/no-debug-non-zts-20200930/curl.so (/usr/local/lib/php/extensions/no-debug-non-zts-20200930/curl.so: cannot open shared object file: No such file or directory)) in Unknown on line 0
[12-Jun-2024 20:34:53 UTC] Saving product with data: {"product_name":"Oatmeal Moisturizing Cream","category_id":78,"price":"288","quantity":"50","description":"Description: A moisturizing cream enriched with oatmeal, vitamin A, and vitamin E to nourish and hydrate the skin.","manufacturing_date":"2024-05-30","reorder_point":"40","economic_order_quantity":"30","critical_level":"20","sku":"YVI-78-Oatmeal Moisturizing Cream-2024-A001"}
[12-Jun-2024 20:34:53 UTC] Failed to prepare statement: Unknown column 'quantity' in 'field list'
[12-Jun-2024 20:34:53 UTC] Failed to save product
[12-Jun-2024 20:34:53 UTC] Validation error: {"error":"Database Error: Failed to save product"}
[12-Jun-2024 20:34:55 UTC] Saving product with data: {"product_name":"Oatmeal Moisturizing Cream","category_id":78,"price":"288","quantity":"50","description":"Description: A moisturizing cream enriched with oatmeal, vitamin A, and vitamin E to nourish and hydrate the skin.","manufacturing_date":"2024-05-30","reorder_point":"40","economic_order_quantity":"30","critical_level":"20","sku":"YVI-78-Oatmeal Moisturizing Cream-2024-A001"}
[12-Jun-2024 20:34:55 UTC] Failed to prepare statement: Unknown column 'quantity' in 'field list'
[12-Jun-2024 20:34:55 UTC] Failed to save product
[12-Jun-2024 20:34:55 UTC] Validation error: {"error":"Database Error: Failed to save product"}
[12-Jun-2024 20:34:55 UTC] Saving product with data: {"product_name":"Oatmeal Moisturizing Cream","category_id":78,"price":"288","quantity":"50","description":"Description: A moisturizing cream enriched with oatmeal, vitamin A, and vitamin E to nourish and hydrate the skin.","manufacturing_date":"2024-05-30","reorder_point":"40","economic_order_quantity":"30","critical_level":"20","sku":"YVI-78-Oatmeal Moisturizing Cream-2024-A001"}
[12-Jun-2024 20:34:55 UTC] Failed to prepare statement: Unknown column 'quantity' in 'field list'
[12-Jun-2024 20:34:55 UTC] Failed to save product
[12-Jun-2024 20:34:55 UTC] Validation error: {"error":"Database Error: Failed to save product"}
[12-Jun-2024 21:16:19 UTC] PHP Warning:  PHP Startup: Unable to load dynamic library 'php_gd2.dll' (tried: /usr/local/lib/php/extensions/no-debug-non-zts-20200930/php_gd2.dll (/usr/local/lib/php/extensions/no-debug-non-zts-20200930/php_gd2.dll: cannot open shared object file: No such file or directory), /usr/local/lib/php/extensions/no-debug-non-zts-20200930/php_gd2.dll.so (/usr/local/lib/php/extensions/no-debug-non-zts-20200930/php_gd2.dll.so: cannot open shared object file: No such file or directory)) in Unknown on line 0
[12-Jun-2024 21:16:19 UTC] PHP Warning:  PHP Startup: Unable to load dynamic library 'curl' (tried: /usr/local/lib/php/extensions/no-debug-non-zts-20200930/curl (/usr/local/lib/php/extensions/no-debug-non-zts-20200930/curl: cannot open shared object file: No such file or directory), /usr/local/lib/php/extensions/no-debug-non-zts-20200930/curl.so (/usr/local/lib/php/extensions/no-debug-non-zts-20200930/curl.so: cannot open shared object file: No such file or directory)) in Unknown on line 0
[12-Jun-2024 21:16:19 UTC] PHP Warning:  Module "gd" is already loaded in Unknown on line 0
[12-Jun-2024 21:16:19 UTC] PHP Warning:  Module "gd" is already loaded in Unknown on line 0
[12-Jun-2024 21:16:19 UTC] PHP Warning:  PHP Startup: Unable to load dynamic library 'php_gd2.dll' (tried: /usr/local/lib/php/extensions/no-debug-non-zts-20200930/php_gd2.dll (/usr/local/lib/php/extensions/no-debug-non-zts-20200930/php_gd2.dll: cannot open shared object file: No such file or directory), /usr/local/lib/php/extensions/no-debug-non-zts-20200930/php_gd2.dll.so (/usr/local/lib/php/extensions/no-debug-non-zts-20200930/php_gd2.dll.so: cannot open shared object file: No such file or directory)) in Unknown on line 0
[12-Jun-2024 21:16:19 UTC] PHP Warning:  PHP Startup: Unable to load dynamic library 'curl' (tried: /usr/local/lib/php/extensions/no-debug-non-zts-20200930/curl (/usr/local/lib/php/extensions/no-debug-non-zts-20200930/curl: cannot open shared object file: No such file or directory), /usr/local/lib/php/extensions/no-debug-non-zts-20200930/curl.so (/usr/local/lib/php/extensions/no-debug-non-zts-20200930/curl.so: cannot open shared object file: No such file or directory)) in Unknown on line 0
[12-Jun-2024 21:16:43 UTC] PHP Warning:  Undefined array key "expiration_date" in /var/www/html/src/Controllers/ProductController.php on line 54
[12-Jun-2024 21:16:43 UTC] Validation Error
[12-Jun-2024 21:16:48 UTC] PHP Warning:  Undefined array key "expiration_date" in /var/www/html/src/Controllers/ProductController.php on line 54
[12-Jun-2024 21:16:48 UTC] Validation Error
[12-Jun-2024 21:16:48 UTC] PHP Warning:  Undefined array key "expiration_date" in /var/www/html/src/Controllers/ProductController.php on line 54
[12-Jun-2024 21:16:48 UTC] Validation Error
[12-Jun-2024 21:19:56 UTC] PHP Warning:  Undefined array key "expiration_date" in /var/www/html/src/Controllers/ProductController.php on line 53
[12-Jun-2024 21:19:56 UTC] Failed to prepare statement: Unknown column 'quantity' in 'field list'
[12-Jun-2024 21:19:56 UTC] Transaction failed: Failed to save product
[12-Jun-2024 21:19:56 UTC] Failed to save product and inventory
[12-Jun-2024 21:19:58 UTC] PHP Warning:  Undefined array key "expiration_date" in /var/www/html/src/Controllers/ProductController.php on line 53
[12-Jun-2024 21:19:58 UTC] Failed to prepare statement: Unknown column 'quantity' in 'field list'
[12-Jun-2024 21:19:58 UTC] Transaction failed: Failed to save product
[12-Jun-2024 21:19:58 UTC] Failed to save product and inventory
[12-Jun-2024 21:19:58 UTC] PHP Warning:  Undefined array key "expiration_date" in /var/www/html/src/Controllers/ProductController.php on line 53
[12-Jun-2024 21:19:58 UTC] Failed to prepare statement: Unknown column 'quantity' in 'field list'
[12-Jun-2024 21:19:58 UTC] Transaction failed: Failed to save product
[12-Jun-2024 21:19:58 UTC] Failed to save product and inventory
[12-Jun-2024 21:26:16 UTC] Validation Error
[12-Jun-2024 21:26:28 UTC] Validation Error
[12-Jun-2024 21:26:36 UTC] Validation Error
[12-Jun-2024 21:26:37 UTC] Validation Error
[13-Jun-2024 08:01:38 UTC] Validation Error
[13-Jun-2024 08:01:56 UTC] Validation Error
[13-Jun-2024 08:01:56 UTC] Validation Error
[13-Jun-2024 08:01:56 UTC] Validation Error
[13-Jun-2024 08:02:50 UTC] Validation Error
[13-Jun-2024 15:16:23 UTC] Validation Error
[13-Jun-2024 15:16:25 UTC] Validation Error
[13-Jun-2024 15:16:25 UTC] Validation Error
[13-Jun-2024 17:32:27 UTC] Validation Error
[13-Jun-2024 17:34:09 UTC] PHP Warning:  PHP Startup: Unable to load dynamic library 'php_gd2.dll' (tried: /usr/local/lib/php/extensions/no-debug-non-zts-20200930/php_gd2.dll (/usr/local/lib/php/extensions/no-debug-non-zts-20200930/php_gd2.dll: cannot open shared object file: No such file or directory), /usr/local/lib/php/extensions/no-debug-non-zts-20200930/php_gd2.dll.so (/usr/local/lib/php/extensions/no-debug-non-zts-20200930/php_gd2.dll.so: cannot open shared object file: No such file or directory)) in Unknown on line 0
[13-Jun-2024 17:34:09 UTC] PHP Warning:  PHP Startup: Unable to load dynamic library 'curl' (tried: /usr/local/lib/php/extensions/no-debug-non-zts-20200930/curl (/usr/local/lib/php/extensions/no-debug-non-zts-20200930/curl: cannot open shared object file: No such file or directory), /usr/local/lib/php/extensions/no-debug-non-zts-20200930/curl.so (/usr/local/lib/php/extensions/no-debug-non-zts-20200930/curl.so: cannot open shared object file: No such file or directory)) in Unknown on line 0
[13-Jun-2024 17:34:09 UTC] PHP Warning:  Module "gd" is already loaded in Unknown on line 0
[13-Jun-2024 17:34:09 UTC] PHP Warning:  Module "gd" is already loaded in Unknown on line 0
[13-Jun-2024 17:34:09 UTC] PHP Warning:  PHP Startup: Unable to load dynamic library 'php_gd2.dll' (tried: /usr/local/lib/php/extensions/no-debug-non-zts-20200930/php_gd2.dll (/usr/local/lib/php/extensions/no-debug-non-zts-20200930/php_gd2.dll: cannot open shared object file: No such file or directory), /usr/local/lib/php/extensions/no-debug-non-zts-20200930/php_gd2.dll.so (/usr/local/lib/php/extensions/no-debug-non-zts-20200930/php_gd2.dll.so: cannot open shared object file: No such file or directory)) in Unknown on line 0
[13-Jun-2024 17:34:09 UTC] PHP Warning:  PHP Startup: Unable to load dynamic library 'curl' (tried: /usr/local/lib/php/extensions/no-debug-non-zts-20200930/curl (/usr/local/lib/php/extensions/no-debug-non-zts-20200930/curl: cannot open shared object file: No such file or directory), /usr/local/lib/php/extensions/no-debug-non-zts-20200930/curl.so (/usr/local/lib/php/extensions/no-debug-non-zts-20200930/curl.so: cannot open shared object file: No such file or directory)) in Unknown on line 0
[13-Jun-2024 17:34:35 UTC] Validation Error
[13-Jun-2024 17:43:14 UTC] Failed to prepare statement: Unknown column 'economic_order_quantity' in 'field list'
[13-Jun-2024 17:43:14 UTC] Transaction failed: Failed to save product
[13-Jun-2024 17:43:14 UTC] Failed to save product and inventory
[13-Jun-2024 17:44:13 UTC] Failed to prepare statement: Unknown column 'economic_order_quantity' in 'field list'
[13-Jun-2024 17:44:13 UTC] Transaction failed: Failed to save product
[13-Jun-2024 17:44:13 UTC] Failed to save product and inventory
[13-Jun-2024 17:44:24 UTC] Failed to prepare statement: Unknown column 'economic_order_quantity' in 'field list'
[13-Jun-2024 17:44:24 UTC] Transaction failed: Failed to save product
[13-Jun-2024 17:44:24 UTC] Failed to save product and inventory
[13-Jun-2024 17:44:24 UTC] Failed to prepare statement: Unknown column 'economic_order_quantity' in 'field list'
[13-Jun-2024 17:44:24 UTC] Transaction failed: Failed to save product
[13-Jun-2024 17:44:24 UTC] Failed to save product and inventory
[13-Jun-2024 17:54:54 UTC] PHP Warning:  Undefined array key "stock_status" in /var/www/html/src/Views/product/index.php on line 38
[13-Jun-2024 17:54:54 UTC] PHP Warning:  Undefined array key "rop" in /var/www/html/src/Views/product/index.php on line 39
[13-Jun-2024 17:55:04 UTC] PHP Warning:  Undefined variable $data in /var/www/html/src/Views/product/edit.php on line 6
[13-Jun-2024 17:55:04 UTC] PHP Warning:  Trying to access array offset on value of type null in /var/www/html/src/Views/product/edit.php on line 6
[13-Jun-2024 17:55:04 UTC] PHP Warning:  Trying to access array offset on value of type null in /var/www/html/src/Views/product/edit.php on line 9
[13-Jun-2024 17:55:04 UTC] PHP Warning:  Trying to access array offset on value of type null in /var/www/html/src/Views/product/edit.php on line 12
[13-Jun-2024 17:55:04 UTC] PHP Warning:  Trying to access array offset on value of type null in /var/www/html/src/Views/product/edit.php on line 17
[13-Jun-2024 17:55:04 UTC] PHP Warning:  Trying to access array offset on value of type null in /var/www/html/src/Views/product/edit.php on line 24
[13-Jun-2024 17:55:04 UTC] PHP Warning:  Trying to access array offset on value of type null in /var/www/html/src/Views/product/edit.php on line 24
[13-Jun-2024 17:55:04 UTC] PHP Warning:  Trying to access array offset on value of type null in /var/www/html/src/Views/product/edit.php on line 24
[13-Jun-2024 17:55:04 UTC] PHP Warning:  Trying to access array offset on value of type null in /var/www/html/src/Views/product/edit.php on line 24
[13-Jun-2024 17:55:04 UTC] PHP Warning:  Trying to access array offset on value of type null in /var/www/html/src/Views/product/edit.php on line 33
[13-Jun-2024 17:55:04 UTC] PHP Fatal error:  Uncaught TypeError: in_array(): Argument #2 ($haystack) must be of type array, null given in /var/www/html/src/Views/product/edit.php:33
Stack trace:
#0 /var/www/html/src/Views/product/edit.php(33): in_array(14, NULL)
#1 /var/www/html/src/Http/View.php(88): include('/var/www/html/s...')
#2 /var/www/html/src/Controllers/ProductController.php(88): App\Http\View->render()
#3 /var/www/html/src/Routes/Router.php(120): App\Controllers\ProductController->edit(Object(App\Http\Request), Object(App\Http\Response), '6')
#4 /var/www/html/src/Routes/Router.php(57): App\Routes\Router->handleRoute(Object(App\Routes\Route), Array)
#5 /var/www/html/router.php(48): App\Routes\Router->run()
#6 {main}
  thrown in /var/www/html/src/Views/product/edit.php on line 33
[13-Jun-2024 17:55:07 UTC] PHP Warning:  Undefined array key "stock_status" in /var/www/html/src/Views/product/index.php on line 38
[13-Jun-2024 17:55:07 UTC] PHP Warning:  Undefined array key "rop" in /var/www/html/src/Views/product/index.php on line 39
[13-Jun-2024 17:56:47 UTC] PHP Warning:  Undefined array key "stock_status" in /var/www/html/src/Views/product/index.php on line 38
[13-Jun-2024 17:56:47 UTC] PHP Warning:  Undefined array key "rop" in /var/www/html/src/Views/product/index.php on line 39
[13-Jun-2024 18:37:54 UTC] PHP Warning:  Undefined variable $data in /var/www/html/src/Views/product/edit.php on line 6
[13-Jun-2024 18:37:54 UTC] PHP Warning:  Trying to access array offset on value of type null in /var/www/html/src/Views/product/edit.php on line 6
[13-Jun-2024 18:37:54 UTC] PHP Warning:  Undefined variable $data in /var/www/html/src/Views/product/edit.php on line 7
[13-Jun-2024 18:37:54 UTC] PHP Warning:  Trying to access array offset on value of type null in /var/www/html/src/Views/product/edit.php on line 7
[13-Jun-2024 18:37:54 UTC] PHP Warning:  Undefined variable $data in /var/www/html/src/Views/product/edit.php on line 8
[13-Jun-2024 18:37:54 UTC] PHP Warning:  Trying to access array offset on value of type null in /var/www/html/src/Views/product/edit.php on line 8
[13-Jun-2024 18:37:54 UTC] PHP Warning:  Trying to access array offset on value of type null in /var/www/html/src/Views/product/edit.php on line 11
[13-Jun-2024 18:37:54 UTC] PHP Warning:  Trying to access array offset on value of type null in /var/www/html/src/Views/product/edit.php on line 14
[13-Jun-2024 18:37:54 UTC] PHP Warning:  Trying to access array offset on value of type null in /var/www/html/src/Views/product/edit.php on line 19
[13-Jun-2024 18:37:54 UTC] PHP Warning:  foreach() argument must be of type array|object, null given in /var/www/html/src/Views/product/edit.php on line 25
[13-Jun-2024 18:37:54 UTC] PHP Warning:  foreach() argument must be of type array|object, null given in /var/www/html/src/Views/product/edit.php on line 34
[13-Jun-2024 18:37:54 UTC] PHP Warning:  Trying to access array offset on value of type null in /var/www/html/src/Views/product/edit.php on line 42
[13-Jun-2024 18:37:54 UTC] PHP Warning:  Trying to access array offset on value of type null in /var/www/html/src/Views/product/edit.php on line 47
[13-Jun-2024 18:37:54 UTC] PHP Warning:  Trying to access array offset on value of type null in /var/www/html/src/Views/product/edit.php on line 52
[13-Jun-2024 18:37:54 UTC] PHP Warning:  Trying to access array offset on value of type null in /var/www/html/src/Views/product/edit.php on line 57
[13-Jun-2024 18:37:54 UTC] PHP Warning:  Trying to access array offset on value of type null in /var/www/html/src/Views/product/edit.php on line 62
[13-Jun-2024 18:38:04 UTC] PHP Warning:  Undefined variable $data in /var/www/html/src/Views/product/edit.php on line 6
[13-Jun-2024 18:38:04 UTC] PHP Warning:  Trying to access array offset on value of type null in /var/www/html/src/Views/product/edit.php on line 6
[13-Jun-2024 18:38:04 UTC] PHP Warning:  Undefined variable $data in /var/www/html/src/Views/product/edit.php on line 7
[13-Jun-2024 18:38:04 UTC] PHP Warning:  Trying to access array offset on value of type null in /var/www/html/src/Views/product/edit.php on line 7
[13-Jun-2024 18:38:04 UTC] PHP Warning:  Undefined variable $data in /var/www/html/src/Views/product/edit.php on line 8
[13-Jun-2024 18:38:04 UTC] PHP Warning:  Trying to access array offset on value of type null in /var/www/html/src/Views/product/edit.php on line 8
[13-Jun-2024 18:38:04 UTC] PHP Warning:  Trying to access array offset on value of type null in /var/www/html/src/Views/product/edit.php on line 11
[13-Jun-2024 18:38:04 UTC] PHP Warning:  Trying to access array offset on value of type null in /var/www/html/src/Views/product/edit.php on line 14
[13-Jun-2024 18:38:04 UTC] PHP Warning:  Trying to access array offset on value of type null in /var/www/html/src/Views/product/edit.php on line 19
[13-Jun-2024 18:38:04 UTC] PHP Warning:  foreach() argument must be of type array|object, null given in /var/www/html/src/Views/product/edit.php on line 25
[13-Jun-2024 18:38:04 UTC] PHP Warning:  foreach() argument must be of type array|object, null given in /var/www/html/src/Views/product/edit.php on line 34
[13-Jun-2024 18:38:04 UTC] PHP Warning:  Trying to access array offset on value of type null in /var/www/html/src/Views/product/edit.php on line 42
[13-Jun-2024 18:38:04 UTC] PHP Warning:  Trying to access array offset on value of type null in /var/www/html/src/Views/product/edit.php on line 47
[13-Jun-2024 18:38:04 UTC] PHP Warning:  Trying to access array offset on value of type null in /var/www/html/src/Views/product/edit.php on line 52
[13-Jun-2024 18:38:04 UTC] PHP Warning:  Trying to access array offset on value of type null in /var/www/html/src/Views/product/edit.php on line 57
[13-Jun-2024 18:38:04 UTC] PHP Warning:  Trying to access array offset on value of type null in /var/www/html/src/Views/product/edit.php on line 62
[13-Jun-2024 19:13:36 UTC] PHP Fatal error:  Uncaught TypeError: App\Controllers\SupplierController::getById(): Argument #3 ($id) must be of type int, string given, called in /var/www/html/src/Routes/Router.php on line 120 and defined in /var/www/html/src/Controllers/SupplierController.php:32
Stack trace:
#0 /var/www/html/src/Routes/Router.php(120): App\Controllers\SupplierController->getById(Object(App\Http\Request), Object(App\Http\Response), 'create')
#1 /var/www/html/src/Routes/Router.php(57): App\Routes\Router->handleRoute(Object(App\Routes\Route), Array)
#2 /var/www/html/router.php(48): App\Routes\Router->run()
#3 {main}
  thrown in /var/www/html/src/Controllers/SupplierController.php on line 32
[13-Jun-2024 19:21:57 UTC] PHP Warning:  Undefined array key "stock_status" in /var/www/html/src/Views/product/index.php on line 38
[13-Jun-2024 19:35:20 UTC] Validation Error
[13-Jun-2024 19:35:27 UTC] PHP Warning:  Undefined array key "stock_status" in /var/www/html/src/Views/product/index.php on line 38
[13-Jun-2024 19:35:43 UTC] PHP Warning:  Undefined array key "stock_status" in /var/www/html/src/Views/product/index.php on line 38
[13-Jun-2024 19:47:49 UTC] PHP Warning:  Undefined array key "stock_status" in /var/www/html/src/Views/product/index.php on line 38
[13-Jun-2024 19:52:39 UTC] PHP Warning:  Undefined array key "stock_status" in /var/www/html/src/Views/product/index.php on line 38
[13-Jun-2024 19:58:32 UTC] PHP Warning:  Undefined array key "stock_status" in /var/www/html/src/Views/product/index.php on line 38
[13-Jun-2024 20:02:40 UTC] Validation Error
[13-Jun-2024 20:02:46 UTC] PHP Warning:  Undefined array key "stock_status" in /var/www/html/src/Views/product/index.php on line 38
[13-Jun-2024 20:07:09 UTC] PHP Warning:  Undefined array key "stock_status" in /var/www/html/src/Views/product/index.php on line 38
[13-Jun-2024 20:13:15 UTC] PHP Warning:  Undefined array key "stock_status" in /var/www/html/src/Views/product/index.php on line 38
[13-Jun-2024 20:14:10 UTC] PHP Warning:  Undefined array key "stock_status" in /var/www/html/src/Views/product/index.php on line 38
[13-Jun-2024 20:14:10 UTC] PHP Warning:  Undefined array key "stock_status" in /var/www/html/src/Views/product/index.php on line 38
[13-Jun-2024 20:16:22 UTC] PHP Warning:  Undefined array key "stock_status" in /var/www/html/src/Views/product/index.php on line 38
[13-Jun-2024 20:16:22 UTC] PHP Warning:  Undefined array key "stock_status" in /var/www/html/src/Views/product/index.php on line 38
[13-Jun-2024 20:17:34 UTC] PHP Warning:  Undefined array key "stock_status" in /var/www/html/src/Views/product/index.php on line 38
[13-Jun-2024 20:17:34 UTC] PHP Warning:  Undefined array key "stock_status" in /var/www/html/src/Views/product/index.php on line 38
[14-Jun-2024 00:01:03 UTC] PHP Warning:  PHP Startup: Unable to load dynamic library 'php_gd2.dll' (tried: /usr/local/lib/php/extensions/no-debug-non-zts-20200930/php_gd2.dll (/usr/local/lib/php/extensions/no-debug-non-zts-20200930/php_gd2.dll: cannot open shared object file: No such file or directory), /usr/local/lib/php/extensions/no-debug-non-zts-20200930/php_gd2.dll.so (/usr/local/lib/php/extensions/no-debug-non-zts-20200930/php_gd2.dll.so: cannot open shared object file: No such file or directory)) in Unknown on line 0
[14-Jun-2024 00:01:03 UTC] PHP Warning:  PHP Startup: Unable to load dynamic library 'curl' (tried: /usr/local/lib/php/extensions/no-debug-non-zts-20200930/curl (/usr/local/lib/php/extensions/no-debug-non-zts-20200930/curl: cannot open shared object file: No such file or directory), /usr/local/lib/php/extensions/no-debug-non-zts-20200930/curl.so (/usr/local/lib/php/extensions/no-debug-non-zts-20200930/curl.so: cannot open shared object file: No such file or directory)) in Unknown on line 0
[14-Jun-2024 00:01:03 UTC] PHP Warning:  Module "gd" is already loaded in Unknown on line 0
[14-Jun-2024 00:01:03 UTC] PHP Warning:  Module "gd" is already loaded in Unknown on line 0
[14-Jun-2024 00:01:03 UTC] PHP Warning:  PHP Startup: Unable to load dynamic library 'php_gd2.dll' (tried: /usr/local/lib/php/extensions/no-debug-non-zts-20200930/php_gd2.dll (/usr/local/lib/php/extensions/no-debug-non-zts-20200930/php_gd2.dll: cannot open shared object file: No such file or directory), /usr/local/lib/php/extensions/no-debug-non-zts-20200930/php_gd2.dll.so (/usr/local/lib/php/extensions/no-debug-non-zts-20200930/php_gd2.dll.so: cannot open shared object file: No such file or directory)) in Unknown on line 0
[14-Jun-2024 00:01:03 UTC] PHP Warning:  PHP Startup: Unable to load dynamic library 'curl' (tried: /usr/local/lib/php/extensions/no-debug-non-zts-20200930/curl (/usr/local/lib/php/extensions/no-debug-non-zts-20200930/curl: cannot open shared object file: No such file or directory), /usr/local/lib/php/extensions/no-debug-non-zts-20200930/curl.so (/usr/local/lib/php/extensions/no-debug-non-zts-20200930/curl.so: cannot open shared object file: No such file or directory)) in Unknown on line 0
[14-Jun-2024 02:41:20 UTC] PHP Warning:  PHP Startup: Unable to load dynamic library 'php_gd2.dll' (tried: /usr/local/lib/php/extensions/no-debug-non-zts-20200930/php_gd2.dll (/usr/local/lib/php/extensions/no-debug-non-zts-20200930/php_gd2.dll: cannot open shared object file: No such file or directory), /usr/local/lib/php/extensions/no-debug-non-zts-20200930/php_gd2.dll.so (/usr/local/lib/php/extensions/no-debug-non-zts-20200930/php_gd2.dll.so: cannot open shared object file: No such file or directory)) in Unknown on line 0
[14-Jun-2024 02:41:20 UTC] PHP Warning:  PHP Startup: Unable to load dynamic library 'curl' (tried: /usr/local/lib/php/extensions/no-debug-non-zts-20200930/curl (/usr/local/lib/php/extensions/no-debug-non-zts-20200930/curl: cannot open shared object file: No such file or directory), /usr/local/lib/php/extensions/no-debug-non-zts-20200930/curl.so (/usr/local/lib/php/extensions/no-debug-non-zts-20200930/curl.so: cannot open shared object file: No such file or directory)) in Unknown on line 0
[14-Jun-2024 02:41:20 UTC] PHP Warning:  Module "gd" is already loaded in Unknown on line 0
[14-Jun-2024 02:41:20 UTC] PHP Warning:  Module "gd" is already loaded in Unknown on line 0
[14-Jun-2024 02:41:20 UTC] PHP Warning:  PHP Startup: Unable to load dynamic library 'php_gd2.dll' (tried: /usr/local/lib/php/extensions/no-debug-non-zts-20200930/php_gd2.dll (/usr/local/lib/php/extensions/no-debug-non-zts-20200930/php_gd2.dll: cannot open shared object file: No such file or directory), /usr/local/lib/php/extensions/no-debug-non-zts-20200930/php_gd2.dll.so (/usr/local/lib/php/extensions/no-debug-non-zts-20200930/php_gd2.dll.so: cannot open shared object file: No such file or directory)) in Unknown on line 0
[14-Jun-2024 02:41:20 UTC] PHP Warning:  PHP Startup: Unable to load dynamic library 'curl' (tried: /usr/local/lib/php/extensions/no-debug-non-zts-20200930/curl (/usr/local/lib/php/extensions/no-debug-non-zts-20200930/curl: cannot open shared object file: No such file or directory), /usr/local/lib/php/extensions/no-debug-non-zts-20200930/curl.so (/usr/local/lib/php/extensions/no-debug-non-zts-20200930/curl.so: cannot open shared object file: No such file or directory)) in Unknown on line 0
[14-Jun-2024 03:23:07 UTC] PHP Warning:  Module "gd" is already loaded in Unknown on line 0
[14-Jun-2024 03:23:07 UTC] PHP Warning:  Module "gd" is already loaded in Unknown on line 0
[14-Jun-2024 03:32:13 UTC] PHP Warning:  PHP Startup: Unable to load dynamic library 'curl' (tried: /usr/local/lib/php/extensions/no-debug-non-zts-20200930/curl (/usr/local/lib/php/extensions/no-debug-non-zts-20200930/curl: cannot open shared object file: No such file or directory), /usr/local/lib/php/extensions/no-debug-non-zts-20200930/curl.so (/usr/local/lib/php/extensions/no-debug-non-zts-20200930/curl.so: cannot open shared object file: No such file or directory)) in Unknown on line 0
[14-Jun-2024 03:32:13 UTC] PHP Warning:  Module "gd" is already loaded in Unknown on line 0
[14-Jun-2024 03:32:13 UTC] PHP Warning:  Module "gd" is already loaded in Unknown on line 0
[14-Jun-2024 03:32:13 UTC] PHP Warning:  PHP Startup: Unable to load dynamic library 'curl' (tried: /usr/local/lib/php/extensions/no-debug-non-zts-20200930/curl (/usr/local/lib/php/extensions/no-debug-non-zts-20200930/curl: cannot open shared object file: No such file or directory), /usr/local/lib/php/extensions/no-debug-non-zts-20200930/curl.so (/usr/local/lib/php/extensions/no-debug-non-zts-20200930/curl.so: cannot open shared object file: No such file or directory)) in Unknown on line 0
[14-Jun-2024 03:48:26 UTC] PHP Warning:  PHP Startup: Unable to load dynamic library 'curl' (tried: /usr/local/lib/php/extensions/no-debug-non-zts-20200930/curl (/usr/local/lib/php/extensions/no-debug-non-zts-20200930/curl: cannot open shared object file: No such file or directory), /usr/local/lib/php/extensions/no-debug-non-zts-20200930/curl.so (/usr/local/lib/php/extensions/no-debug-non-zts-20200930/curl.so: cannot open shared object file: No such file or directory)) in Unknown on line 0
[14-Jun-2024 03:48:26 UTC] PHP Warning:  Module "gd" is already loaded in Unknown on line 0
[14-Jun-2024 03:48:26 UTC] PHP Warning:  Module "gd" is already loaded in Unknown on line 0
[14-Jun-2024 03:48:26 UTC] PHP Warning:  PHP Startup: Unable to load dynamic library 'curl' (tried: /usr/local/lib/php/extensions/no-debug-non-zts-20200930/curl (/usr/local/lib/php/extensions/no-debug-non-zts-20200930/curl: cannot open shared object file: No such file or directory), /usr/local/lib/php/extensions/no-debug-non-zts-20200930/curl.so (/usr/local/lib/php/extensions/no-debug-non-zts-20200930/curl.so: cannot open shared object file: No such file or directory)) in Unknown on line 0
[14-Jun-2024 04:12:23 UTC] PHP Warning:  Module "curl" is already loaded in Unknown on line 0
[14-Jun-2024 04:12:23 UTC] PHP Warning:  Module "gd" is already loaded in Unknown on line 0
[14-Jun-2024 04:12:23 UTC] PHP Warning:  Module "gd" is already loaded in Unknown on line 0
[14-Jun-2024 04:12:23 UTC] PHP Warning:  Module "curl" is already loaded in Unknown on line 0
[14-Jun-2024 04:37:12 UTC] PHP Warning:  Module "curl" is already loaded in Unknown on line 0
[14-Jun-2024 04:37:12 UTC] PHP Warning:  Module "gd" is already loaded in Unknown on line 0
[14-Jun-2024 04:37:12 UTC] PHP Warning:  Module "gd" is already loaded in Unknown on line 0
[14-Jun-2024 04:37:12 UTC] PHP Warning:  Module "curl" is already loaded in Unknown on line 0
[14-Jun-2024 04:39:28 UTC] PHP Warning:  Module "curl" is already loaded in Unknown on line 0
[14-Jun-2024 04:39:28 UTC] PHP Warning:  Module "gd" is already loaded in Unknown on line 0
[14-Jun-2024 04:39:28 UTC] PHP Warning:  Module "gd" is already loaded in Unknown on line 0
[14-Jun-2024 04:39:28 UTC] PHP Warning:  Module "curl" is already loaded in Unknown on line 0
[14-Jun-2024 08:26:11 UTC] PHP Warning:  Module "curl" is already loaded in Unknown on line 0
[14-Jun-2024 08:26:11 UTC] PHP Warning:  Module "gd" is already loaded in Unknown on line 0
[14-Jun-2024 08:26:11 UTC] PHP Warning:  Module "gd" is already loaded in Unknown on line 0
[14-Jun-2024 08:26:11 UTC] PHP Warning:  Module "curl" is already loaded in Unknown on line 0
[14-Jun-2024 08:33:07 UTC] PHP Warning:  Module "curl" is already loaded in Unknown on line 0
[14-Jun-2024 08:33:07 UTC] PHP Warning:  Module "gd" is already loaded in Unknown on line 0
[14-Jun-2024 08:33:07 UTC] PHP Warning:  Module "gd" is already loaded in Unknown on line 0
[14-Jun-2024 08:33:07 UTC] PHP Warning:  Module "curl" is already loaded in Unknown on line 0
This is a test log entry[14-Jun-2024 08:36:45 UTC] Validation Errors: []
[14-Jun-2024 08:36:45 UTC] Saving inventory with data: {"product_id":"23"}
[14-Jun-2024 08:36:45 UTC] Failed to execute statement: Cannot add or update a child row: a foreign key constraint fails (`ivs`.`inventory`, CONSTRAINT `fk_inventory_product` FOREIGN KEY (`product_id`) REFERENCES `batch` (`product_id`) ON DELETE CASCADE)
[14-Jun-2024 08:36:45 UTC] SQL: INSERT INTO inventory (product_id) VALUES (?)
[14-Jun-2024 08:36:45 UTC] Data: {"product_id":"23"}
[14-Jun-2024 08:36:45 UTC] Inventory ID: 
[14-Jun-2024 08:36:45 UTC] Error creating inventory: Failed to save inventory
[14-Jun-2024 08:36:45 UTC] Data: {"product_id":"23","manufacturing_date":"2024-01-20","quantity":"60"}
[14-Jun-2024 08:36:45 UTC] Validation error: {"error":"Database Error: Failed to save inventory"}
[14-Jun-2024 08:49:36 UTC] PHP Warning:  Module "curl" is already loaded in Unknown on line 0
[14-Jun-2024 08:49:36 UTC] PHP Warning:  Module "gd" is already loaded in Unknown on line 0
[14-Jun-2024 08:49:36 UTC] PHP Warning:  Module "gd" is already loaded in Unknown on line 0
[14-Jun-2024 08:49:36 UTC] PHP Warning:  Module "curl" is already loaded in Unknown on line 0
[14-Jun-2024 08:52:26 UTC] PHP Warning:  Module "curl" is already loaded in Unknown on line 0
[14-Jun-2024 08:52:26 UTC] PHP Warning:  Module "gd" is already loaded in Unknown on line 0
[14-Jun-2024 08:52:26 UTC] PHP Warning:  Module "gd" is already loaded in Unknown on line 0
[14-Jun-2024 08:52:26 UTC] PHP Warning:  Module "curl" is already loaded in Unknown on line 0
[14-Jun-2024 16:53:09 Asia/Manila] Validation Errors: []
[14-Jun-2024 16:53:09 Asia/Manila] Saving inventory with data: {"product_id":"23"}
[14-Jun-2024 16:53:09 Asia/Manila] Failed to execute statement: Cannot add or update a child row: a foreign key constraint fails (`ivs`.`inventory`, CONSTRAINT `fk_inventory_product` FOREIGN KEY (`product_id`) REFERENCES `batch` (`product_id`) ON DELETE CASCADE)
[14-Jun-2024 16:53:09 Asia/Manila] SQL: INSERT INTO inventory (product_id) VALUES (?)
[14-Jun-2024 16:53:09 Asia/Manila] Data: {"product_id":"23"}
[14-Jun-2024 16:53:09 Asia/Manila] Inventory ID: 
[14-Jun-2024 16:53:09 Asia/Manila] Error creating inventory: Failed to save inventory
[14-Jun-2024 16:53:09 Asia/Manila] Data: {"product_id":"23","manufacturing_date":"2024-01-24","quantity":"60"}
[14-Jun-2024 16:53:09 Asia/Manila] Validation error: {"error":"Database Error: Failed to save inventory"}
[14-Jun-2024 16:57:23 Asia/Manila] PHP Warning:  Undefined array key "batch_id" in /var/www/html/src/Services/InventoryService.php on line 57
[14-Jun-2024 16:57:23 Asia/Manila] PHP Fatal error:  Uncaught TypeError: App\Services\InventoryService::generateSKU(): Argument #2 ($batchId) must be of type int, null given, called in /var/www/html/src/Services/InventoryService.php on line 57 and defined in /var/www/html/src/Services/InventoryService.php:165
Stack trace:
#0 /var/www/html/src/Services/InventoryService.php(57): App\Services\InventoryService->generateSKU(23, NULL)
#1 /var/www/html/src/Controllers/InventoryController.php(44): App\Services\InventoryService->createInventory(Array)
#2 /var/www/html/src/Routes/Router.php(120): App\Controllers\InventoryController->save(Object(App\Http\Request), Object(App\Http\Response))
#3 /var/www/html/src/Routes/Router.php(57): App\Routes\Router->handleRoute(Object(App\Routes\Route), Array)
#4 /var/www/html/router.php(58): App\Routes\Router->run()
#5 {main}
  thrown in /var/www/html/src/Services/InventoryService.php on line 165
[14-Jun-2024 17:02:38 Asia/Manila] Saving inventory with data: {"product_id":"23"}
[14-Jun-2024 17:02:38 Asia/Manila] Failed to execute statement: Cannot add or update a child row: a foreign key constraint fails (`ivs`.`inventory`, CONSTRAINT `fk_inventory_product` FOREIGN KEY (`product_id`) REFERENCES `batch` (`product_id`) ON DELETE CASCADE)
[14-Jun-2024 17:02:38 Asia/Manila] SQL: INSERT INTO inventory (product_id) VALUES (?)
[14-Jun-2024 17:02:38 Asia/Manila] Data: {"product_id":"23"}
[14-Jun-2024 17:02:38 Asia/Manila] Error creating inventory: Failed to save inventory
[14-Jun-2024 17:02:38 Asia/Manila] Data: {"product_id":"23","manufacturing_date":"2024-05-30","quantity":"50"}
[14-Jun-2024 17:02:38 Asia/Manila] Validation error: {"error":"Database Error: Failed to save inventory"}
[14-Jun-2024 17:06:26 Asia/Manila] Saving batch with data: {"product_id":"23","sku":"YVI-MOIST-OMC-2024","manufacturing_date":"2024-05-03","expiration_date":"2025-02-03","quantity":"50"}
[14-Jun-2024 17:06:26 Asia/Manila] Saving inventory with data: {"product_id":"23"}
[14-Jun-2024 17:06:33 Asia/Manila] PHP Fatal error:  Uncaught Error: Unknown named parameter $id in /var/www/html/src/Routes/Router.php:120
Stack trace:
#0 /var/www/html/src/Routes/Router.php(57): App\Routes\Router->handleRoute(Object(App\Routes\Route), Array)
#1 /var/www/html/router.php(58): App\Routes\Router->run()
#2 {main}
  thrown in /var/www/html/src/Routes/Router.php on line 120
[14-Jun-2024 17:16:16 Asia/Manila] Saving batch with data: {"product_id":"23","sku":"YVI-MOIST-OMC-2024","manufacturing_date":"2024-01-20","expiration_date":"2024-10-20","quantity":"30"}
[14-Jun-2024 17:16:16 Asia/Manila] Saving inventory with data: {"product_id":"23"}
[14-Jun-2024 17:16:44 Asia/Manila] Saving batch with data: {"product_id":"23","sku":"YVI-MOIST-OMC-2024","manufacturing_date":"2024-05-20","expiration_date":"2025-02-20","quantity":"30"}
[14-Jun-2024 17:16:44 Asia/Manila] Saving inventory with data: {"product_id":"23"}
[14-Jun-2024 17:22:56 Asia/Manila] Saving batch with data: {"product_id":"23","sku":"YVI-MOIST-OMC-2024","manufacturing_date":"2024-05-20","expiration_date":"2025-02-20","quantity":"60"}
[14-Jun-2024 17:22:56 Asia/Manila] Successfully saved batch with data: {"product_id":"23","sku":"YVI-MOIST-OMC-2024","manufacturing_date":"2024-05-20","expiration_date":"2025-02-20","quantity":"60"}
[14-Jun-2024 17:22:56 Asia/Manila] Saving inventory with data: {"product_id":"23"}
[14-Jun-2024 17:22:56 Asia/Manila] Successfully saved inventory with data: {"product_id":"23"}
[14-Jun-2024 17:22:56 Asia/Manila] Successfully created inventory with data: {"product_id":"23","manufacturing_date":"2024-05-20","quantity":"60"}
[14-Jun-2024 17:23:00 Asia/Manila] Attempting to delete inventory with batch ID: 21
[14-Jun-2024 17:23:00 Asia/Manila] Successfully deleted batch with ID: 21
[14-Jun-2024 17:23:00 Asia/Manila] Successfully deleted inventory for product_id: 23
[14-Jun-2024 17:23:00 Asia/Manila] Successfully deleted inventory with batch ID: 21
[14-Jun-2024 17:24:03 Asia/Manila] Saving batch with data: {"product_id":"23","sku":"YVI-MOIST-OMC-2024","manufacturing_date":"2024-05-30","expiration_date":"2025-03-02","quantity":"60"}
[14-Jun-2024 17:24:03 Asia/Manila] Successfully saved batch with data: {"product_id":"23","sku":"YVI-MOIST-OMC-2024","manufacturing_date":"2024-05-30","expiration_date":"2025-03-02","quantity":"60"}
[14-Jun-2024 17:24:03 Asia/Manila] Saving inventory with data: {"product_id":"23"}
[14-Jun-2024 17:24:03 Asia/Manila] Successfully saved inventory with data: {"product_id":"23"}
[14-Jun-2024 17:24:03 Asia/Manila] Successfully created inventory with data: {"product_id":"23","manufacturing_date":"2024-05-30","quantity":"60"}
[14-Jun-2024 17:24:06 Asia/Manila] PHP Fatal error:  Uncaught Exception: View file not found: /var/www/html/src/Http/../Views/inventory/edit.php in /var/www/html/src/Http/View.php:84
Stack trace:
#0 /var/www/html/src/Controllers/InventoryController.php(63): App\Http\View->render()
#1 /var/www/html/src/Routes/Router.php(120): App\Controllers\InventoryController->edit(Object(App\Http\Request), Object(App\Http\Response), '22')
#2 /var/www/html/src/Routes/Router.php(57): App\Routes\Router->handleRoute(Object(App\Routes\Route), Array)
#3 /var/www/html/router.php(57): App\Routes\Router->run()
#4 {main}
  thrown in /var/www/html/src/Http/View.php on line 84
[14-Jun-2024 17:29:06 Asia/Manila] PHP Warning:  Trying to access array offset on value of type null in /var/www/html/src/Views/inventory/edit.php on line 10
[14-Jun-2024 17:29:06 Asia/Manila] PHP Warning:  Trying to access array offset on value of type null in /var/www/html/src/Views/inventory/edit.php on line 17
[14-Jun-2024 17:29:06 Asia/Manila] PHP Warning:  Trying to access array offset on value of type null in /var/www/html/src/Views/inventory/edit.php on line 17
[14-Jun-2024 17:29:06 Asia/Manila] PHP Warning:  Trying to access array offset on value of type null in /var/www/html/src/Views/inventory/edit.php on line 17
[14-Jun-2024 17:29:06 Asia/Manila] PHP Warning:  Trying to access array offset on value of type null in /var/www/html/src/Views/inventory/edit.php on line 17
[14-Jun-2024 17:29:06 Asia/Manila] PHP Warning:  Trying to access array offset on value of type null in /var/www/html/src/Views/inventory/edit.php on line 27
[14-Jun-2024 17:29:06 Asia/Manila] PHP Warning:  Trying to access array offset on value of type null in /var/www/html/src/Views/inventory/edit.php on line 33
[14-Jun-2024 17:29:06 Asia/Manila] PHP Warning:  Trying to access array offset on value of type null in /var/www/html/src/Views/inventory/edit.php on line 39
[14-Jun-2024 17:29:06 Asia/Manila] PHP Warning:  Trying to access array offset on value of type null in /var/www/html/src/Views/inventory/edit.php on line 45
[14-Jun-2024 17:29:14 Asia/Manila] PHP Warning:  Undefined array key "stock_status" in /var/www/html/src/Views/product/index.php on line 35
[14-Jun-2024 17:29:14 Asia/Manila] PHP Warning:  Undefined array key "stock_status" in /var/www/html/src/Views/product/index.php on line 35
[14-Jun-2024 17:29:14 Asia/Manila] PHP Warning:  Undefined array key "stock_status" in /var/www/html/src/Views/product/index.php on line 35
[14-Jun-2024 17:29:14 Asia/Manila] PHP Warning:  Undefined array key "stock_status" in /var/www/html/src/Views/product/index.php on line 35
[14-Jun-2024 17:29:36 Asia/Manila] PHP Warning:  Trying to access array offset on value of type null in /var/www/html/src/Views/inventory/edit.php on line 10
[14-Jun-2024 17:29:36 Asia/Manila] PHP Warning:  Trying to access array offset on value of type null in /var/www/html/src/Views/inventory/edit.php on line 17
[14-Jun-2024 17:29:36 Asia/Manila] PHP Warning:  Trying to access array offset on value of type null in /var/www/html/src/Views/inventory/edit.php on line 17
[14-Jun-2024 17:29:36 Asia/Manila] PHP Warning:  Trying to access array offset on value of type null in /var/www/html/src/Views/inventory/edit.php on line 17
[14-Jun-2024 17:29:36 Asia/Manila] PHP Warning:  Trying to access array offset on value of type null in /var/www/html/src/Views/inventory/edit.php on line 17
[14-Jun-2024 17:29:36 Asia/Manila] PHP Warning:  Trying to access array offset on value of type null in /var/www/html/src/Views/inventory/edit.php on line 27
[14-Jun-2024 17:29:36 Asia/Manila] PHP Warning:  Trying to access array offset on value of type null in /var/www/html/src/Views/inventory/edit.php on line 33
[14-Jun-2024 17:29:36 Asia/Manila] PHP Warning:  Trying to access array offset on value of type null in /var/www/html/src/Views/inventory/edit.php on line 39
[14-Jun-2024 17:29:36 Asia/Manila] PHP Warning:  Trying to access array offset on value of type null in /var/www/html/src/Views/inventory/edit.php on line 45
[14-Jun-2024 17:41:21 Asia/Manila] PHP Warning:  Undefined array key "stock_status" in /var/www/html/src/Views/product/index.php on line 35
[14-Jun-2024 17:41:21 Asia/Manila] PHP Warning:  Undefined array key "stock_status" in /var/www/html/src/Views/product/index.php on line 35
[14-Jun-2024 17:41:21 Asia/Manila] PHP Warning:  Undefined array key "stock_status" in /var/www/html/src/Views/product/index.php on line 35
[14-Jun-2024 17:41:21 Asia/Manila] PHP Warning:  Undefined array key "stock_status" in /var/www/html/src/Views/product/index.php on line 35
[14-Jun-2024 17:41:31 Asia/Manila] PHP Warning:  Trying to access array offset on value of type null in /var/www/html/src/Views/inventory/edit.php on line 10
[14-Jun-2024 17:41:31 Asia/Manila] PHP Warning:  Trying to access array offset on value of type null in /var/www/html/src/Views/inventory/edit.php on line 17
[14-Jun-2024 17:41:31 Asia/Manila] PHP Warning:  Trying to access array offset on value of type null in /var/www/html/src/Views/inventory/edit.php on line 17
[14-Jun-2024 17:41:31 Asia/Manila] PHP Warning:  Trying to access array offset on value of type null in /var/www/html/src/Views/inventory/edit.php on line 17
[14-Jun-2024 17:41:31 Asia/Manila] PHP Warning:  Trying to access array offset on value of type null in /var/www/html/src/Views/inventory/edit.php on line 17
[14-Jun-2024 17:41:31 Asia/Manila] PHP Warning:  Trying to access array offset on value of type null in /var/www/html/src/Views/inventory/edit.php on line 27
[14-Jun-2024 17:41:31 Asia/Manila] PHP Warning:  Trying to access array offset on value of type null in /var/www/html/src/Views/inventory/edit.php on line 33
[14-Jun-2024 17:41:31 Asia/Manila] PHP Warning:  Trying to access array offset on value of type null in /var/www/html/src/Views/inventory/edit.php on line 39
[14-Jun-2024 17:41:31 Asia/Manila] PHP Warning:  Trying to access array offset on value of type null in /var/www/html/src/Views/inventory/edit.php on line 45
[14-Jun-2024 17:42:01 Asia/Manila] PHP Warning:  Trying to access array offset on value of type null in /var/www/html/src/Views/inventory/edit.php on line 10
[14-Jun-2024 17:42:01 Asia/Manila] PHP Warning:  Trying to access array offset on value of type null in /var/www/html/src/Views/inventory/edit.php on line 17
[14-Jun-2024 17:42:01 Asia/Manila] PHP Warning:  Trying to access array offset on value of type null in /var/www/html/src/Views/inventory/edit.php on line 17
[14-Jun-2024 17:42:01 Asia/Manila] PHP Warning:  Trying to access array offset on value of type null in /var/www/html/src/Views/inventory/edit.php on line 17
[14-Jun-2024 17:42:01 Asia/Manila] PHP Warning:  Trying to access array offset on value of type null in /var/www/html/src/Views/inventory/edit.php on line 17
[14-Jun-2024 17:42:01 Asia/Manila] PHP Warning:  Trying to access array offset on value of type null in /var/www/html/src/Views/inventory/edit.php on line 27
[14-Jun-2024 17:42:01 Asia/Manila] PHP Warning:  Trying to access array offset on value of type null in /var/www/html/src/Views/inventory/edit.php on line 33
[14-Jun-2024 17:42:01 Asia/Manila] PHP Warning:  Trying to access array offset on value of type null in /var/www/html/src/Views/inventory/edit.php on line 39
[14-Jun-2024 17:42:01 Asia/Manila] PHP Warning:  Trying to access array offset on value of type null in /var/www/html/src/Views/inventory/edit.php on line 45
[14-Jun-2024 17:45:27 Asia/Manila] Saving batch with data: {"product_id":"23","sku":"YVI-MOIST-OMC-2024","manufacturing_date":"2024-01-20","expiration_date":"2024-10-20","quantity":"30"}
[14-Jun-2024 17:45:27 Asia/Manila] Successfully saved batch with data: {"product_id":"23","sku":"YVI-MOIST-OMC-2024","manufacturing_date":"2024-01-20","expiration_date":"2024-10-20","quantity":"30"}
[14-Jun-2024 17:45:27 Asia/Manila] Saving inventory with data: {"product_id":"23"}
[14-Jun-2024 17:45:27 Asia/Manila] Successfully saved inventory with data: {"product_id":"23"}
[14-Jun-2024 17:45:27 Asia/Manila] Successfully created inventory with data: {"product_id":"23","manufacturing_date":"2024-01-20","quantity":"30"}
[14-Jun-2024 17:45:31 Asia/Manila] PHP Warning:  Trying to access array offset on value of type null in /var/www/html/src/Views/inventory/edit.php on line 9
[14-Jun-2024 17:45:31 Asia/Manila] PHP Warning:  Trying to access array offset on value of type null in /var/www/html/src/Views/inventory/edit.php on line 16
[14-Jun-2024 17:45:31 Asia/Manila] PHP Warning:  Trying to access array offset on value of type null in /var/www/html/src/Views/inventory/edit.php on line 16
[14-Jun-2024 17:45:31 Asia/Manila] PHP Warning:  Trying to access array offset on value of type null in /var/www/html/src/Views/inventory/edit.php on line 16
[14-Jun-2024 17:45:31 Asia/Manila] PHP Warning:  Trying to access array offset on value of type null in /var/www/html/src/Views/inventory/edit.php on line 16
[14-Jun-2024 17:45:31 Asia/Manila] PHP Warning:  Trying to access array offset on value of type null in /var/www/html/src/Views/inventory/edit.php on line 26
[14-Jun-2024 17:45:31 Asia/Manila] PHP Warning:  Trying to access array offset on value of type null in /var/www/html/src/Views/inventory/edit.php on line 32
[14-Jun-2024 17:45:31 Asia/Manila] PHP Warning:  Trying to access array offset on value of type null in /var/www/html/src/Views/inventory/edit.php on line 38
[14-Jun-2024 17:45:31 Asia/Manila] PHP Warning:  Trying to access array offset on value of type null in /var/www/html/src/Views/inventory/edit.php on line 44
[14-Jun-2024 17:45:34 Asia/Manila] PHP Warning:  Trying to access array offset on value of type null in /var/www/html/src/Views/inventory/edit.php on line 9
[14-Jun-2024 17:45:34 Asia/Manila] PHP Warning:  Trying to access array offset on value of type null in /var/www/html/src/Views/inventory/edit.php on line 16
[14-Jun-2024 17:45:34 Asia/Manila] PHP Warning:  Trying to access array offset on value of type null in /var/www/html/src/Views/inventory/edit.php on line 16
[14-Jun-2024 17:45:34 Asia/Manila] PHP Warning:  Trying to access array offset on value of type null in /var/www/html/src/Views/inventory/edit.php on line 16
[14-Jun-2024 17:45:34 Asia/Manila] PHP Warning:  Trying to access array offset on value of type null in /var/www/html/src/Views/inventory/edit.php on line 16
[14-Jun-2024 17:45:34 Asia/Manila] PHP Warning:  Trying to access array offset on value of type null in /var/www/html/src/Views/inventory/edit.php on line 26
[14-Jun-2024 17:45:34 Asia/Manila] PHP Warning:  Trying to access array offset on value of type null in /var/www/html/src/Views/inventory/edit.php on line 32
[14-Jun-2024 17:45:34 Asia/Manila] PHP Warning:  Trying to access array offset on value of type null in /var/www/html/src/Views/inventory/edit.php on line 38
[14-Jun-2024 17:45:34 Asia/Manila] PHP Warning:  Trying to access array offset on value of type null in /var/www/html/src/Views/inventory/edit.php on line 44
[14-Jun-2024 17:47:31 Asia/Manila] PHP Warning:  Trying to access array offset on value of type null in /var/www/html/src/Views/inventory/edit.php on line 9
[14-Jun-2024 17:47:31 Asia/Manila] PHP Warning:  Trying to access array offset on value of type null in /var/www/html/src/Views/inventory/edit.php on line 16
[14-Jun-2024 17:47:31 Asia/Manila] PHP Warning:  Trying to access array offset on value of type null in /var/www/html/src/Views/inventory/edit.php on line 16
[14-Jun-2024 17:47:31 Asia/Manila] PHP Warning:  Trying to access array offset on value of type null in /var/www/html/src/Views/inventory/edit.php on line 16
[14-Jun-2024 17:47:31 Asia/Manila] PHP Warning:  Trying to access array offset on value of type null in /var/www/html/src/Views/inventory/edit.php on line 16
[14-Jun-2024 17:47:31 Asia/Manila] PHP Warning:  Trying to access array offset on value of type null in /var/www/html/src/Views/inventory/edit.php on line 26
[14-Jun-2024 17:47:31 Asia/Manila] PHP Warning:  Trying to access array offset on value of type null in /var/www/html/src/Views/inventory/edit.php on line 32
[14-Jun-2024 17:47:31 Asia/Manila] PHP Warning:  Trying to access array offset on value of type null in /var/www/html/src/Views/inventory/edit.php on line 38
[14-Jun-2024 17:47:31 Asia/Manila] PHP Warning:  Trying to access array offset on value of type null in /var/www/html/src/Views/inventory/edit.php on line 44
[14-Jun-2024 17:47:39 Asia/Manila] PHP Warning:  Undefined array key "stock_status" in /var/www/html/src/Views/product/index.php on line 35
[14-Jun-2024 17:47:39 Asia/Manila] PHP Warning:  Undefined array key "stock_status" in /var/www/html/src/Views/product/index.php on line 35
[14-Jun-2024 17:47:39 Asia/Manila] PHP Warning:  Undefined array key "stock_status" in /var/www/html/src/Views/product/index.php on line 35
[14-Jun-2024 17:47:39 Asia/Manila] PHP Warning:  Undefined array key "stock_status" in /var/www/html/src/Views/product/index.php on line 35
[14-Jun-2024 17:47:51 Asia/Manila] PHP Warning:  Undefined array key "stock_status" in /var/www/html/src/Views/product/index.php on line 35
[14-Jun-2024 17:47:51 Asia/Manila] PHP Warning:  Undefined array key "stock_status" in /var/www/html/src/Views/product/index.php on line 35
[14-Jun-2024 17:47:51 Asia/Manila] PHP Warning:  Undefined array key "stock_status" in /var/www/html/src/Views/product/index.php on line 35
[14-Jun-2024 17:47:51 Asia/Manila] PHP Warning:  Undefined array key "stock_status" in /var/www/html/src/Views/product/index.php on line 35
[14-Jun-2024 17:49:18 Asia/Manila] PHP Warning:  Trying to access array offset on value of type null in /var/www/html/src/Views/inventory/edit.php on line 9
[14-Jun-2024 17:49:18 Asia/Manila] PHP Warning:  Trying to access array offset on value of type null in /var/www/html/src/Views/inventory/edit.php on line 16
[14-Jun-2024 17:49:18 Asia/Manila] PHP Warning:  Trying to access array offset on value of type null in /var/www/html/src/Views/inventory/edit.php on line 16
[14-Jun-2024 17:49:18 Asia/Manila] PHP Warning:  Trying to access array offset on value of type null in /var/www/html/src/Views/inventory/edit.php on line 16
[14-Jun-2024 17:49:18 Asia/Manila] PHP Warning:  Trying to access array offset on value of type null in /var/www/html/src/Views/inventory/edit.php on line 16
[14-Jun-2024 17:49:18 Asia/Manila] PHP Warning:  Trying to access array offset on value of type null in /var/www/html/src/Views/inventory/edit.php on line 26
[14-Jun-2024 17:49:18 Asia/Manila] PHP Warning:  Trying to access array offset on value of type null in /var/www/html/src/Views/inventory/edit.php on line 32
[14-Jun-2024 17:58:54 Asia/Manila] PHP Fatal error:  Uncaught Exception: View file not found: /var/www/html/src/Http/../Views/404.php in /var/www/html/src/Http/View.php:84
Stack trace:
#0 /var/www/html/src/Routes/Router.php(145): App\Http\View->render()
#1 /var/www/html/src/Routes/Router.php(124): App\Routes\Router->renderView(Object(App\Http\View), Object(App\Http\Response))
#2 /var/www/html/src/Routes/Router.php(57): App\Routes\Router->handleRoute(Object(App\Routes\Route), Array)
#3 /var/www/html/router.php(58): App\Routes\Router->run()
#4 {main}
  thrown in /var/www/html/src/Http/View.php on line 84
[14-Jun-2024 17:59:06 Asia/Manila] PHP Fatal error:  Uncaught Exception: View file not found: /var/www/html/src/Http/../Views/404.php in /var/www/html/src/Http/View.php:84
Stack trace:
#0 /var/www/html/src/Routes/Router.php(145): App\Http\View->render()
#1 /var/www/html/src/Routes/Router.php(124): App\Routes\Router->renderView(Object(App\Http\View), Object(App\Http\Response))
#2 /var/www/html/src/Routes/Router.php(57): App\Routes\Router->handleRoute(Object(App\Routes\Route), Array)
#3 /var/www/html/router.php(58): App\Routes\Router->run()
#4 {main}
  thrown in /var/www/html/src/Http/View.php on line 84
[14-Jun-2024 18:21:24 Asia/Manila] PHP Fatal error:  Uncaught Exception: View file not found: /var/www/html/src/Http/../Views/404.php in /var/www/html/src/Http/View.php:84
Stack trace:
#0 /var/www/html/src/Routes/Router.php(145): App\Http\View->render()
#1 /var/www/html/src/Routes/Router.php(124): App\Routes\Router->renderView(Object(App\Http\View), Object(App\Http\Response))
#2 /var/www/html/src/Routes/Router.php(57): App\Routes\Router->handleRoute(Object(App\Routes\Route), Array)
#3 /var/www/html/router.php(57): App\Routes\Router->run()
#4 {main}
  thrown in /var/www/html/src/Http/View.php on line 84
[14-Jun-2024 18:22:58 Asia/Manila] PHP Fatal error:  Uncaught Exception: View file not found: /var/www/html/src/Http/../Views/404.php in /var/www/html/src/Http/View.php:84
Stack trace:
#0 /var/www/html/src/Routes/Router.php(145): App\Http\View->render()
#1 /var/www/html/src/Routes/Router.php(124): App\Routes\Router->renderView(Object(App\Http\View), Object(App\Http\Response))
#2 /var/www/html/src/Routes/Router.php(57): App\Routes\Router->handleRoute(Object(App\Routes\Route), Array)
#3 /var/www/html/router.php(57): App\Routes\Router->run()
#4 {main}
  thrown in /var/www/html/src/Http/View.php on line 84
[14-Jun-2024 18:23:05 Asia/Manila] PHP Fatal error:  Uncaught Exception: View file not found: /var/www/html/src/Http/../Views/404.php in /var/www/html/src/Http/View.php:84
Stack trace:
#0 /var/www/html/src/Routes/Router.php(145): App\Http\View->render()
#1 /var/www/html/src/Routes/Router.php(124): App\Routes\Router->renderView(Object(App\Http\View), Object(App\Http\Response))
#2 /var/www/html/src/Routes/Router.php(57): App\Routes\Router->handleRoute(Object(App\Routes\Route), Array)
#3 /var/www/html/router.php(57): App\Routes\Router->run()
#4 {main}
  thrown in /var/www/html/src/Http/View.php on line 84
[14-Jun-2024 18:23:09 Asia/Manila] PHP Fatal error:  Uncaught Exception: View file not found: /var/www/html/src/Http/../Views/404.php in /var/www/html/src/Http/View.php:84
Stack trace:
#0 /var/www/html/src/Routes/Router.php(145): App\Http\View->render()
#1 /var/www/html/src/Routes/Router.php(124): App\Routes\Router->renderView(Object(App\Http\View), Object(App\Http\Response))
#2 /var/www/html/src/Routes/Router.php(57): App\Routes\Router->handleRoute(Object(App\Routes\Route), Array)
#3 /var/www/html/router.php(57): App\Routes\Router->run()
#4 {main}
  thrown in /var/www/html/src/Http/View.php on line 84
[14-Jun-2024 18:24:00 Asia/Manila] PHP Warning:  Undefined array key "stock_status" in /var/www/html/src/Views/product/index.php on line 35
[14-Jun-2024 18:24:00 Asia/Manila] PHP Warning:  Undefined array key "stock_status" in /var/www/html/src/Views/product/index.php on line 35
[14-Jun-2024 18:24:00 Asia/Manila] PHP Warning:  Undefined array key "stock_status" in /var/www/html/src/Views/product/index.php on line 35
[14-Jun-2024 18:24:00 Asia/Manila] PHP Warning:  Undefined array key "stock_status" in /var/www/html/src/Views/product/index.php on line 35
[14-Jun-2024 18:24:04 Asia/Manila] PHP Fatal error:  Uncaught Exception: View file not found: /var/www/html/src/Http/../Views/404.php in /var/www/html/src/Http/View.php:84
Stack trace:
#0 /var/www/html/src/Routes/Router.php(145): App\Http\View->render()
#1 /var/www/html/src/Routes/Router.php(124): App\Routes\Router->renderView(Object(App\Http\View), Object(App\Http\Response))
#2 /var/www/html/src/Routes/Router.php(57): App\Routes\Router->handleRoute(Object(App\Routes\Route), Array)
#3 /var/www/html/router.php(57): App\Routes\Router->run()
#4 {main}
  thrown in /var/www/html/src/Http/View.php on line 84
[14-Jun-2024 18:24:12 Asia/Manila] PHP Warning:  Undefined array key "stock_status" in /var/www/html/src/Views/product/index.php on line 35
[14-Jun-2024 18:24:12 Asia/Manila] PHP Warning:  Undefined array key "stock_status" in /var/www/html/src/Views/product/index.php on line 35
[14-Jun-2024 18:24:12 Asia/Manila] PHP Warning:  Undefined array key "stock_status" in /var/www/html/src/Views/product/index.php on line 35
[14-Jun-2024 18:24:12 Asia/Manila] PHP Warning:  Undefined array key "stock_status" in /var/www/html/src/Views/product/index.php on line 35
[14-Jun-2024 18:47:20 Asia/Manila] PHP Fatal error:  Uncaught Exception: View file not found: /var/www/html/src/Http/../Views/404.php in /var/www/html/src/Http/View.php:84
Stack trace:
#0 /var/www/html/src/Routes/Router.php(145): App\Http\View->render()
#1 /var/www/html/src/Routes/Router.php(124): App\Routes\Router->renderView(Object(App\Http\View), Object(App\Http\Response))
#2 /var/www/html/src/Routes/Router.php(57): App\Routes\Router->handleRoute(Object(App\Routes\Route), Array)
#3 /var/www/html/router.php(57): App\Routes\Router->run()
#4 {main}
  thrown in /var/www/html/src/Http/View.php on line 84
[14-Jun-2024 18:56:12 Asia/Manila] PHP Warning:  Undefined array key "stock_status" in /var/www/html/src/Views/product/index.php on line 35
[14-Jun-2024 18:56:12 Asia/Manila] PHP Warning:  Undefined array key "stock_status" in /var/www/html/src/Views/product/index.php on line 35
[14-Jun-2024 18:56:12 Asia/Manila] PHP Warning:  Undefined array key "stock_status" in /var/www/html/src/Views/product/index.php on line 35
[14-Jun-2024 18:56:12 Asia/Manila] PHP Warning:  Undefined array key "stock_status" in /var/www/html/src/Views/product/index.php on line 35
[14-Jun-2024 19:00:17 Asia/Manila] PHP Fatal error:  Uncaught Exception: View file not found: /var/www/html/src/Http/../Views/404.php in /var/www/html/src/Http/View.php:84
Stack trace:
#0 /var/www/html/src/Routes/Router.php(145): App\Http\View->render()
#1 /var/www/html/src/Routes/Router.php(124): App\Routes\Router->renderView(Object(App\Http\View), Object(App\Http\Response))
#2 /var/www/html/src/Routes/Router.php(57): App\Routes\Router->handleRoute(Object(App\Routes\Route), Array)
#3 /var/www/html/router.php(57): App\Routes\Router->run()
#4 {main}
  thrown in /var/www/html/src/Http/View.php on line 84
[14-Jun-2024 19:01:25 Asia/Manila] PHP Fatal error:  Uncaught Exception: View file not found: /var/www/html/src/Http/../Views/404.php in /var/www/html/src/Http/View.php:84
Stack trace:
#0 /var/www/html/src/Routes/Router.php(145): App\Http\View->render()
#1 /var/www/html/src/Routes/Router.php(124): App\Routes\Router->renderView(Object(App\Http\View), Object(App\Http\Response))
#2 /var/www/html/src/Routes/Router.php(57): App\Routes\Router->handleRoute(Object(App\Routes\Route), Array)
#3 /var/www/html/router.php(57): App\Routes\Router->run()
#4 {main}
  thrown in /var/www/html/src/Http/View.php on line 84
[14-Jun-2024 19:01:35 Asia/Manila] PHP Fatal error:  Uncaught Exception: View file not found: /var/www/html/src/Http/../Views/404.php in /var/www/html/src/Http/View.php:84
Stack trace:
#0 /var/www/html/src/Routes/Router.php(145): App\Http\View->render()
#1 /var/www/html/src/Routes/Router.php(124): App\Routes\Router->renderView(Object(App\Http\View), Object(App\Http\Response))
#2 /var/www/html/src/Routes/Router.php(57): App\Routes\Router->handleRoute(Object(App\Routes\Route), Array)
#3 /var/www/html/router.php(57): App\Routes\Router->run()
#4 {main}
  thrown in /var/www/html/src/Http/View.php on line 84
[14-Jun-2024 19:01:48 Asia/Manila] PHP Fatal error:  Uncaught Exception: View file not found: /var/www/html/src/Http/../Views/404.php in /var/www/html/src/Http/View.php:84
Stack trace:
#0 /var/www/html/src/Routes/Router.php(145): App\Http\View->render()
#1 /var/www/html/src/Routes/Router.php(124): App\Routes\Router->renderView(Object(App\Http\View), Object(App\Http\Response))
#2 /var/www/html/src/Routes/Router.php(57): App\Routes\Router->handleRoute(Object(App\Routes\Route), Array)
#3 /var/www/html/router.php(57): App\Routes\Router->run()
#4 {main}
  thrown in /var/www/html/src/Http/View.php on line 84
[14-Jun-2024 19:05:34 Asia/Manila] PHP Fatal error:  Uncaught Exception: View file not found: /var/www/html/src/Http/../Views/404.php in /var/www/html/src/Http/View.php:84
Stack trace:
#0 /var/www/html/src/Routes/Router.php(145): App\Http\View->render()
#1 /var/www/html/src/Routes/Router.php(124): App\Routes\Router->renderView(Object(App\Http\View), Object(App\Http\Response))
#2 /var/www/html/src/Routes/Router.php(57): App\Routes\Router->handleRoute(Object(App\Routes\Route), Array)
#3 /var/www/html/router.php(57): App\Routes\Router->run()
#4 {main}
  thrown in /var/www/html/src/Http/View.php on line 84
[14-Jun-2024 19:15:20 Asia/Manila] PHP Fatal error:  Uncaught Exception: View file not found: /var/www/html/src/Http/../Views/404.php in /var/www/html/src/Http/View.php:84
Stack trace:
#0 /var/www/html/src/Routes/Router.php(145): App\Http\View->render()
#1 /var/www/html/src/Routes/Router.php(124): App\Routes\Router->renderView(Object(App\Http\View), Object(App\Http\Response))
#2 /var/www/html/src/Routes/Router.php(57): App\Routes\Router->handleRoute(Object(App\Routes\Route), Array)
#3 /var/www/html/router.php(57): App\Routes\Router->run()
#4 {main}
  thrown in /var/www/html/src/Http/View.php on line 84
[14-Jun-2024 19:15:25 Asia/Manila] PHP Fatal error:  Uncaught Exception: View file not found: /var/www/html/src/Http/../Views/404.php in /var/www/html/src/Http/View.php:84
Stack trace:
#0 /var/www/html/src/Routes/Router.php(145): App\Http\View->render()
#1 /var/www/html/src/Routes/Router.php(124): App\Routes\Router->renderView(Object(App\Http\View), Object(App\Http\Response))
#2 /var/www/html/src/Routes/Router.php(57): App\Routes\Router->handleRoute(Object(App\Routes\Route), Array)
#3 /var/www/html/router.php(57): App\Routes\Router->run()
#4 {main}
  thrown in /var/www/html/src/Http/View.php on line 84
[14-Jun-2024 19:15:33 Asia/Manila] PHP Fatal error:  Uncaught Exception: View file not found: /var/www/html/src/Http/../Views/404.php in /var/www/html/src/Http/View.php:84
Stack trace:
#0 /var/www/html/src/Routes/Router.php(145): App\Http\View->render()
#1 /var/www/html/src/Routes/Router.php(124): App\Routes\Router->renderView(Object(App\Http\View), Object(App\Http\Response))
#2 /var/www/html/src/Routes/Router.php(57): App\Routes\Router->handleRoute(Object(App\Routes\Route), Array)
#3 /var/www/html/router.php(57): App\Routes\Router->run()
#4 {main}
  thrown in /var/www/html/src/Http/View.php on line 84
[14-Jun-2024 19:15:45 Asia/Manila] PHP Fatal error:  Uncaught Exception: View file not found: /var/www/html/src/Http/../Views/404.php in /var/www/html/src/Http/View.php:84
Stack trace:
#0 /var/www/html/src/Routes/Router.php(145): App\Http\View->render()
#1 /var/www/html/src/Routes/Router.php(124): App\Routes\Router->renderView(Object(App\Http\View), Object(App\Http\Response))
#2 /var/www/html/src/Routes/Router.php(57): App\Routes\Router->handleRoute(Object(App\Routes\Route), Array)
#3 /var/www/html/router.php(57): App\Routes\Router->run()
#4 {main}
  thrown in /var/www/html/src/Http/View.php on line 84
[14-Jun-2024 19:16:03 Asia/Manila] PHP Fatal error:  Uncaught Exception: View file not found: /var/www/html/src/Http/../Views/404.php in /var/www/html/src/Http/View.php:84
Stack trace:
#0 /var/www/html/src/Routes/Router.php(145): App\Http\View->render()
#1 /var/www/html/src/Routes/Router.php(124): App\Routes\Router->renderView(Object(App\Http\View), Object(App\Http\Response))
#2 /var/www/html/src/Routes/Router.php(57): App\Routes\Router->handleRoute(Object(App\Routes\Route), Array)
#3 /var/www/html/router.php(57): App\Routes\Router->run()
#4 {main}
  thrown in /var/www/html/src/Http/View.php on line 84
[14-Jun-2024 19:51:01 Asia/Manila] PHP Warning:  Undefined array key "stock_status" in /var/www/html/src/Views/product/index.php on line 35
[14-Jun-2024 19:51:01 Asia/Manila] PHP Warning:  Undefined array key "stock_status" in /var/www/html/src/Views/product/index.php on line 35
[14-Jun-2024 19:51:01 Asia/Manila] PHP Warning:  Undefined array key "stock_status" in /var/www/html/src/Views/product/index.php on line 35
[14-Jun-2024 19:51:01 Asia/Manila] PHP Warning:  Undefined array key "stock_status" in /var/www/html/src/Views/product/index.php on line 35
[14-Jun-2024 19:51:05 Asia/Manila] PHP Fatal error:  Uncaught Exception: View file not found: /var/www/html/src/Http/../Views/404.php in /var/www/html/src/Http/View.php:84
Stack trace:
#0 /var/www/html/src/Routes/Router.php(145): App\Http\View->render()
#1 /var/www/html/src/Routes/Router.php(124): App\Routes\Router->renderView(Object(App\Http\View), Object(App\Http\Response))
#2 /var/www/html/src/Routes/Router.php(57): App\Routes\Router->handleRoute(Object(App\Routes\Route), Array)
#3 /var/www/html/router.php(57): App\Routes\Router->run()
#4 {main}
  thrown in /var/www/html/src/Http/View.php on line 84
[14-Jun-2024 19:51:29 Asia/Manila] PHP Fatal error:  Uncaught Exception: View file not found: /var/www/html/src/Http/../Views/404.php in /var/www/html/src/Http/View.php:84
Stack trace:
#0 /var/www/html/src/Routes/Router.php(145): App\Http\View->render()
#1 /var/www/html/src/Routes/Router.php(124): App\Routes\Router->renderView(Object(App\Http\View), Object(App\Http\Response))
#2 /var/www/html/src/Routes/Router.php(57): App\Routes\Router->handleRoute(Object(App\Routes\Route), Array)
#3 /var/www/html/router.php(57): App\Routes\Router->run()
#4 {main}
  thrown in /var/www/html/src/Http/View.php on line 84
[14-Jun-2024 20:19:31 Asia/Manila] PHP Fatal error:  Uncaught Error: Unknown named parameter $id in /var/www/html/src/Routes/Router.php:120
Stack trace:
#0 /var/www/html/src/Routes/Router.php(57): App\Routes\Router->handleRoute(Object(App\Routes\Route), Array)
#1 /var/www/html/router.php(57): App\Routes\Router->run()
#2 {main}
  thrown in /var/www/html/src/Routes/Router.php on line 120
[14-Jun-2024 20:19:57 Asia/Manila] PHP Fatal error:  Uncaught Error: Unknown named parameter $id in /var/www/html/src/Routes/Router.php:120
Stack trace:
#0 /var/www/html/src/Routes/Router.php(57): App\Routes\Router->handleRoute(Object(App\Routes\Route), Array)
#1 /var/www/html/router.php(57): App\Routes\Router->run()
#2 {main}
  thrown in /var/www/html/src/Routes/Router.php on line 120
[14-Jun-2024 20:23:13 Asia/Manila] PHP Fatal error:  Uncaught Error: Unknown named parameter $id in /var/www/html/src/Routes/Router.php:120
Stack trace:
#0 /var/www/html/src/Routes/Router.php(57): App\Routes\Router->handleRoute(Object(App\Routes\Route), Array)
#1 /var/www/html/router.php(57): App\Routes\Router->run()
#2 {main}
  thrown in /var/www/html/src/Routes/Router.php on line 120
[14-Jun-2024 20:32:30 Asia/Manila] Attempting to update inventory with batch ID: 23
[14-Jun-2024 20:32:30 Asia/Manila] PHP Warning:  Undefined array key "id" in /var/www/html/src/Models/Batch.php on line 41
[14-Jun-2024 20:32:30 Asia/Manila] Successfully updated inventory with ID: 23 Data: {"product_id":"23","quantity":"20","manufacturing_date":"2024-03-30","id":23}
[14-Jun-2024 20:32:30 Asia/Manila] Successfully updated inventory with batch ID: 23
[14-Jun-2024 20:36:40 Asia/Manila] Attempting to update inventory with batch ID: 23
[14-Jun-2024 20:36:40 Asia/Manila] Successfully updated inventory with ID: 23 Data: {"product_id":"23","quantity":"20","manufacturing_date":"2024-06-14","id":23}
[14-Jun-2024 20:36:40 Asia/Manila] Successfully updated inventory with batch ID: 23
[14-Jun-2024 20:36:40 Asia/Manila] PHP Warning:  Cannot modify header information - headers already sent by (output started at /var/www/html/src/Http/Response.php:64) in /var/www/html/src/Http/Response.php on line 47
[14-Jun-2024 20:40:44 Asia/Manila] Attempting to update inventory with batch ID: 23
[14-Jun-2024 20:40:44 Asia/Manila] Successfully updated inventory with ID: 23 Data: {"product_id":"23","quantity":"10","manufacturing_date":"2024-06-13","id":23}
[14-Jun-2024 20:40:44 Asia/Manila] Successfully updated inventory with batch ID: 23
